2024-10-19 19:18:38.279 MSK [6096] СООБЩЕНИЕ:  система БД была выключена: 2024-10-18 21:56:43 MSK
2024-10-19 19:23:38.271 MSK [6080] СООБЩЕНИЕ:  начата контрольная точка: time
2024-10-19 19:23:38.300 MSK [6080] СООБЩЕНИЕ:  контрольная точка завершена: записано буферов: 3 (0.0%); добавлено файлов WAL 0, удалено: 0, переработано: 0; запись=0.010 сек., синхр.=0.005 сек., всего=0.036 сек.; синхронизировано_файлов=2, самая_долгая_синхр.=0.003 сек., средняя=0.003 сек.; расстояние=0 kB, ожидалось=0 kB; lsn=0/159E740, lsn redo=0/159E6E8
2024-10-19 19:43:38.329 MSK [6080] СООБЩЕНИЕ:  начата контрольная точка: time
2024-10-19 19:43:43.217 MSK [6080] СООБЩЕНИЕ:  контрольная точка завершена: записано буферов: 45 (0.3%); добавлено файлов WAL 0, удалено: 0, переработано: 0; запись=4.848 сек., синхр.=0.030 сек., всего=4.889 сек.; синхронизировано_файлов=41, самая_долгая_синхр.=0.003 сек., средняя=0.001 сек.; расстояние=139 kB, ожидалось=139 kB; lsn=0/15C1640, lsn redo=0/15C15B0
2024-10-19 19:58:38.243 MSK [6080] СООБЩЕНИЕ:  начата контрольная точка: time
2024-10-19 19:58:38.686 MSK [6080] СООБЩЕНИЕ:  контрольная точка завершена: записано буферов: 5 (0.0%); добавлено файлов WAL 0, удалено: 0, переработано: 0; запись=0.436 сек., синхр.=0.003 сек., всего=0.444 сек.; синхронизировано_файлов=4, самая_долгая_синхр.=0.001 сек., средняя=0.001 сек.; расстояние=1 kB, ожидалось=125 kB; lsn=0/15C1B40, lsn redo=0/15C1AE8
2024-10-19 20:24:44.636 MSK [6160] РћРЁРР‘РљРђ:  С‚Р°Р±Р»РёС†Р° "table_phones" РЅРµ СЃСѓС‰РµСЃС‚РІСѓРµС‚
2024-10-19 20:24:44.636 MSK [6160] РћРџР•Р РђРўРћР :  DROP TABLE phones.table_phones
2024-10-19 20:25:02.743 MSK [6160] РћРЁРР‘РљРђ:  С‚Р°Р±Р»РёС†Р° "table_phones" РЅРµ СЃСѓС‰РµСЃС‚РІСѓРµС‚
2024-10-19 20:25:02.743 MSK [6160] РћРџР•Р РђРўРћР :  DROP TABLE phones.table_phones
2024-10-19 20:28:38.723 MSK [6080] СООБЩЕНИЕ:  начата контрольная точка: time
2024-10-19 20:28:40.620 MSK [6080] СООБЩЕНИЕ:  контрольная точка завершена: записано буферов: 18 (0.1%); добавлено файлов WAL 0, удалено: 0, переработано: 0; запись=1.870 сек., синхр.=0.011 сек., всего=1.898 сек.; синхронизировано_файлов=17, самая_долгая_синхр.=0.002 сек., средняя=0.001 сек.; расстояние=40 kB, ожидалось=117 kB; lsn=0/15CBD00, lsn redo=0/15CBCA8
2024-10-19 20:38:38.628 MSK [6080] СООБЩЕНИЕ:  начата контрольная точка: time
2024-10-19 20:38:44.287 MSK [6080] СООБЩЕНИЕ:  контрольная точка завершена: записано буферов: 52 (0.3%); добавлено файлов WAL 0, удалено: 0, переработано: 0; запись=5.623 сек., синхр.=0.027 сек., всего=5.660 сек.; синхронизировано_файлов=50, самая_долгая_синхр.=0.002 сек., средняя=0.001 сек.; расстояние=208 kB, ожидалось=208 kB; lsn=0/15FFEA0, lsn redo=0/15FFE48
2024-10-19 20:45:21.413 MSK [6160] РћРЁРР‘РљРђ:  СѓРґР°Р»РёС‚СЊ РѕР±СЉРµРєС‚ СЃС…РµРјР° phones РЅРµР»СЊР·СЏ, С‚Р°Рє РєР°Рє РѕС‚ РЅРµРіРѕ Р·Р°РІРёСЃСЏС‚ РґСЂСѓРіРёРµ РѕР±СЉРµРєС‚С‹
2024-10-19 20:45:21.413 MSK [6160] РџРћР”Р РћР‘РќРћРЎРўР:  С‚Р°Р±Р»РёС†Р° phones.table_manufactures Р·Р°РІРёСЃРёС‚ РѕС‚ РѕР±СЉРµРєС‚Р° СЃС…РµРјР° phones
	С‚Р°Р±Р»РёС†Р° phones.table_os Р·Р°РІРёСЃРёС‚ РѕС‚ РѕР±СЉРµРєС‚Р° СЃС…РµРјР° phones
	С‚Р°Р±Р»РёС†Р° phones.table_phones Р·Р°РІРёСЃРёС‚ РѕС‚ РѕР±СЉРµРєС‚Р° СЃС…РµРјР° phones
2024-10-19 20:45:21.413 MSK [6160] РџРћР”РЎРљРђР—РљРђ:  Р”Р»СЏ СѓРґР°Р»РµРЅРёСЏ Р·Р°РІРёСЃРёРјС‹С… РѕР±СЉРµРєС‚РѕРІ РёСЃРїРѕР»СЊР·СѓР№С‚Рµ DROP ... CASCADE.
2024-10-19 20:45:21.413 MSK [6160] РћРџР•Р РђРўРћР :  DROP SCHEMA phones
2024-10-19 20:48:38.316 MSK [6080] СООБЩЕНИЕ:  начата контрольная точка: time
2024-10-19 20:48:40.859 MSK [6080] СООБЩЕНИЕ:  контрольная точка завершена: записано буферов: 24 (0.1%); добавлено файлов WAL 0, удалено: 0, переработано: 0; запись=2.518 сек., синхр.=0.013 сек., всего=2.544 сек.; синхронизировано_файлов=19, самая_долгая_синхр.=0.002 сек., средняя=0.001 сек.; расстояние=102 kB, ожидалось=197 kB; lsn=0/16198C0, lsn redo=0/1619868
2024-10-19 22:42:40.887 MSK [6160] РЎРћРћР‘Р©Р•РќРР•:  РЅРµ СѓРґР°Р»РѕСЃСЊ РїРѕР»СѓС‡РёС‚СЊ РґР°РЅРЅС‹Рµ РѕС‚ РєР»РёРµРЅС‚Р°: An existing connection was forcibly closed by the remote host.
	
2024-10-19 22:45:08.369 MSK [11884] РћРЁРР‘РљРђ:  СЃС…РµРјР° "students" РЅРµ СЃСѓС‰РµСЃС‚РІСѓРµС‚
2024-10-19 22:45:08.369 MSK [11884] РћРџР•Р РђРўРћР :  DROP SCHEMA students CASCADE
2024-10-19 22:45:56.788 MSK [11884] РћРЁРР‘РљРђ:  СЃС…РµРјР° "students" РЅРµ СЃСѓС‰РµСЃС‚РІСѓРµС‚
2024-10-19 22:45:56.788 MSK [11884] РћРџР•Р РђРўРћР :  DROP SCHEMA students CASCADE
2024-10-19 22:49:21.006 MSK [6080] СООБЩЕНИЕ:  начата контрольная точка: time
2024-10-19 22:49:31.196 MSK [6080] СООБЩЕНИЕ:  контрольная точка завершена: записано буферов: 93 (0.6%); добавлено файлов WAL 0, удалено: 0, переработано: 0; запись=10.126 сек., синхр.=0.054 сек., всего=10.191 сек.; синхронизировано_файлов=82, самая_долгая_синхр.=0.002 сек., средняя=0.001 сек.; расстояние=463 kB, ожидалось=463 kB; lsn=0/168D758, lsn redo=0/168D6C8
2024-10-19 23:14:21.248 MSK [6080] СООБЩЕНИЕ:  начата контрольная точка: time
2024-10-19 23:14:21.691 MSK [6080] СООБЩЕНИЕ:  контрольная точка завершена: записано буферов: 5 (0.0%); добавлено файлов WAL 0, удалено: 0, переработано: 0; запись=0.434 сек., синхр.=0.003 сек., всего=0.444 сек.; синхронизировано_файлов=4, самая_долгая_синхр.=0.001 сек., средняя=0.001 сек.; расстояние=0 kB, ожидалось=417 kB; lsn=0/168DAF0, lsn redo=0/168DA98
2024-10-19 23:39:21.736 MSK [6080] СООБЩЕНИЕ:  начата контрольная точка: time
2024-10-19 23:39:22.178 MSK [6080] СООБЩЕНИЕ:  контрольная точка завершена: записано буферов: 5 (0.0%); добавлено файлов WAL 0, удалено: 0, переработано: 0; запись=0.432 сек., синхр.=0.003 сек., всего=0.442 сек.; синхронизировано_файлов=4, самая_долгая_синхр.=0.001 сек., средняя=0.001 сек.; расстояние=1 kB, ожидалось=375 kB; lsn=0/168DF98, lsn redo=0/168DF40
2024-10-19 23:49:21.200 MSK [6080] СООБЩЕНИЕ:  начата контрольная точка: time
2024-10-19 23:49:23.293 MSK [6080] СООБЩЕНИЕ:  контрольная точка завершена: записано буферов: 20 (0.1%); добавлено файлов WAL 0, удалено: 0, переработано: 0; запись=2.084 сек., синхр.=0.007 сек., всего=2.094 сек.; синхронизировано_файлов=13, самая_долгая_синхр.=0.001 сек., средняя=0.001 сек.; расстояние=35 kB, ожидалось=341 kB; lsn=0/1696F38, lsn redo=0/1696EE0
2024-10-19 23:52:18.436 MSK [11884] РћРЁРР‘РљРђ:  РЅРµРІРµСЂРЅС‹Р№ СЃРёРЅС‚Р°РєСЃРёСЃ РґР»СЏ С‚РёРїР° integer: "Apple" (СЃРёРјРІРѕР» 91)
2024-10-19 23:52:18.436 MSK [11884] РћРџР•Р РђРўРћР :  INSERT INTO phones.table_phones (model, manufacturer_id, os_id, price) VALUES
	('iPhoneX','Apple','iOs',4999),
	('iPhoneXS','Apple','iOs',4999),
	('iPhoneXSMax','Apple','iOs',4999),
	('POCOF1','Xaomi','Android',999)
2024-10-19 23:54:21.296 MSK [6080] СООБЩЕНИЕ:  начата контрольная точка: time
2024-10-19 23:54:28.596 MSK [6080] СООБЩЕНИЕ:  контрольная точка завершена: записано буферов: 67 (0.4%); добавлено файлов WAL 0, удалено: 0, переработано: 0; запись=7.268 сек., синхр.=0.020 сек., всего=7.301 сек.; синхронизировано_файлов=54, самая_долгая_синхр.=0.001 сек., средняя=0.001 сек.; расстояние=316 kB, ожидалось=339 kB; lsn=0/16E5F58, lsn redo=0/16E5F00
2024-10-19 23:59:21.599 MSK [6080] СООБЩЕНИЕ:  начата контрольная точка: time
2024-10-19 23:59:21.934 MSK [6080] СООБЩЕНИЕ:  контрольная точка завершена: записано буферов: 4 (0.0%); добавлено файлов WAL 0, удалено: 0, переработано: 0; запись=0.325 сек., синхр.=0.005 сек., всего=0.336 сек.; синхронизировано_файлов=4, самая_долгая_синхр.=0.003 сек., средняя=0.002 сек.; расстояние=1 kB, ожидалось=305 kB; lsn=0/16E64F8, lsn redo=0/16E64A0
2024-10-20 00:04:18.632 MSK [11884] РћРЁРР‘РљРђ:  РѕС‚РЅРѕС€РµРЅРёРµ "phones.table_phones" РЅРµ СЃСѓС‰РµСЃС‚РІСѓРµС‚ (СЃРёРјРІРѕР» 13)
2024-10-20 00:04:18.632 MSK [11884] РћРџР•Р РђРўРћР :  SELECT*FROM phones.table_phones
2024-10-20 00:04:21.943 MSK [6080] СООБЩЕНИЕ:  начата контрольная точка: time
2024-10-20 00:04:24.729 MSK [6080] СООБЩЕНИЕ:  контрольная точка завершена: записано буферов: 26 (0.2%); добавлено файлов WAL 0, удалено: 0, переработано: 0; запись=2.762 сек., синхр.=0.012 сек., всего=2.787 сек.; синхронизировано_файлов=26, самая_долгая_синхр.=0.001 сек., средняя=0.001 сек.; расстояние=54 kB, ожидалось=280 kB; lsn=0/16F3CF8, lsn redo=0/16F3CA0
2024-10-20 00:09:21.731 MSK [6080] СООБЩЕНИЕ:  начата контрольная точка: time
2024-10-20 00:09:26.554 MSK [6080] СООБЩЕНИЕ:  контрольная точка завершена: записано буферов: 45 (0.3%); добавлено файлов WAL 0, удалено: 0, переработано: 0; запись=4.804 сек., синхр.=0.015 сек., всего=4.824 сек.; синхронизировано_файлов=40, самая_долгая_синхр.=0.001 сек., средняя=0.001 сек.; расстояние=184 kB, ожидалось=270 kB; lsn=0/1721EA0, lsn redo=0/1721E10
2024-10-20 09:43:09.790 MSK [11884] РЎРћРћР‘Р©Р•РќРР•:  РЅРµ СѓРґР°Р»РѕСЃСЊ РїРѕР»СѓС‡РёС‚СЊ РґР°РЅРЅС‹Рµ РѕС‚ РєР»РёРµРЅС‚Р°: An existing connection was forcibly closed by the remote host.
	
2024-10-20 09:43:09.798 MSK [1844] РЎРћРћР‘Р©Р•РќРР•:  РЅРµ СѓРґР°Р»РѕСЃСЊ РїРѕР»СѓС‡РёС‚СЊ РґР°РЅРЅС‹Рµ РѕС‚ РєР»РёРµРЅС‚Р°: An existing connection was forcibly closed by the remote host.
	
